<?xml version="1.0" encoding="UTF-8"?>
<!-- Generated by org.testng.reporters.JUnitReportReporter -->
<testsuite hostname="fv-az1040-525" failures="0" tests="4" name="FirstPageTest" time="1.188" errors="0" timestamp="02 Jan 2024 16:41:59 GMT" skipped="0">
  <testcase classname="FirstPageTest" name="returnFirstPage" time="0.092"/>
  <testcase classname="FirstPageTest" name="returnFirstPage" time="0.095"/>
  <testcase classname="FirstPageTest" name="enterStoreLinkTest" time="0.624"/>
  <testcase classname="FirstPageTest" name="enterStoreLinkTest" time="0.377"/>
</testsuite> <!-- FirstPageTest -->
