<?xml version="1.0" encoding="UTF-8"?>
<!-- Generated by org.testng.reporters.JUnitReportReporter -->
<testsuite hostname="fv-az1535-841" failures="0" tests="6" name="MainPageTest" time="14.980" errors="0" timestamp="02 Jan 2024 13:49:01 GMT" skipped="0">
  <testcase classname="MainPageTest" name="signInButtonTest" time="1.441"/>
  <testcase classname="MainPageTest" name="badSearchInputTest" time="3.535"/>
  <testcase classname="MainPageTest" name="badSearchInputTest" time="1.469"/>
  <testcase classname="MainPageTest" name="goodSearchInputTest" time="1.529"/>
  <testcase classname="MainPageTest" name="signInButtonTest" time="3.434"/>
  <testcase classname="MainPageTest" name="goodSearchInputTest" time="3.572"/>
</testsuite> <!-- MainPageTest -->
