<?xml version="1.0" encoding="UTF-8"?>
<!-- Generated by org.testng.reporters.JUnitReportReporter -->
<testsuite hostname="fv-az841-706" failures="0" tests="4" name="FirstPageTest" time="1.436" errors="0" timestamp="02 Jan 2024 14:41:03 GMT" skipped="0">
  <testcase classname="FirstPageTest" name="returnFirstPage" time="0.056"/>
  <testcase classname="FirstPageTest" name="returnFirstPage" time="0.088"/>
  <testcase classname="FirstPageTest" name="enterStoreLinkTest" time="0.737"/>
  <testcase classname="FirstPageTest" name="enterStoreLinkTest" time="0.555"/>
</testsuite> <!-- FirstPageTest -->
