<?xml version="1.0" encoding="UTF-8"?>
<!-- Generated by org.testng.reporters.JUnitReportReporter -->
<testsuite hostname="fv-az573-296" failures="0" tests="6" name="MainPageTest" time="13.786" errors="0" timestamp="02 Jan 2024 13:36:42 GMT" skipped="0">
  <testcase classname="MainPageTest" name="signInButtonTest" time="1.050"/>
  <testcase classname="MainPageTest" name="badSearchInputTest" time="3.434"/>
  <testcase classname="MainPageTest" name="badSearchInputTest" time="0.996"/>
  <testcase classname="MainPageTest" name="goodSearchInputTest" time="1.062"/>
  <testcase classname="MainPageTest" name="signInButtonTest" time="3.217"/>
  <testcase classname="MainPageTest" name="goodSearchInputTest" time="4.027"/>
</testsuite> <!-- MainPageTest -->
