<?xml version="1.0" encoding="UTF-8"?>
<!-- Generated by org.testng.reporters.JUnitReportReporter -->
<testsuite hostname="fv-az841-706" failures="0" tests="6" name="MainPageTest" time="14.821" errors="0" timestamp="02 Jan 2024 14:41:03 GMT" skipped="0">
  <testcase classname="MainPageTest" name="signInButtonTest" time="1.392"/>
  <testcase classname="MainPageTest" name="badSearchInputTest" time="3.484"/>
  <testcase classname="MainPageTest" name="badSearchInputTest" time="1.380"/>
  <testcase classname="MainPageTest" name="goodSearchInputTest" time="1.523"/>
  <testcase classname="MainPageTest" name="signInButtonTest" time="3.312"/>
  <testcase classname="MainPageTest" name="goodSearchInputTest" time="3.730"/>
</testsuite> <!-- MainPageTest -->
