<?xml version="1.0" encoding="UTF-8"?>
<!-- Generated by org.testng.reporters.JUnitReportReporter -->
<testsuite hostname="fv-az520-878" failures="0" tests="6" name="MainPageTest" time="13.861" errors="0" timestamp="02 Jan 2024 13:51:21 GMT" skipped="0">
  <testcase classname="MainPageTest" name="signInButtonTest" time="1.121"/>
  <testcase classname="MainPageTest" name="badSearchInputTest" time="3.656"/>
  <testcase classname="MainPageTest" name="badSearchInputTest" time="1.131"/>
  <testcase classname="MainPageTest" name="goodSearchInputTest" time="1.190"/>
  <testcase classname="MainPageTest" name="signInButtonTest" time="3.099"/>
  <testcase classname="MainPageTest" name="goodSearchInputTest" time="3.664"/>
</testsuite> <!-- MainPageTest -->
