<?xml version="1.0" encoding="UTF-8"?>
<!-- Generated by org.testng.reporters.JUnitReportReporter -->
<testsuite hostname="fv-az837-394" failures="0" tests="4" name="FirstPageTest" time="1.139" errors="0" timestamp="02 Jan 2024 14:49:53 GMT" skipped="0">
  <testcase classname="FirstPageTest" name="returnFirstPage" time="0.047"/>
  <testcase classname="FirstPageTest" name="returnFirstPage" time="0.092"/>
  <testcase classname="FirstPageTest" name="enterStoreLinkTest" time="0.585"/>
  <testcase classname="FirstPageTest" name="enterStoreLinkTest" time="0.415"/>
</testsuite> <!-- FirstPageTest -->
