<?xml version="1.0" encoding="UTF-8"?>
<!-- Generated by org.testng.reporters.JUnitReportReporter -->
<testsuite hostname="fv-az837-394" failures="0" tests="6" name="MainPageTest" time="14.090" errors="0" timestamp="02 Jan 2024 14:49:53 GMT" skipped="0">
  <testcase classname="MainPageTest" name="signInButtonTest" time="1.150"/>
  <testcase classname="MainPageTest" name="badSearchInputTest" time="3.471"/>
  <testcase classname="MainPageTest" name="badSearchInputTest" time="1.080"/>
  <testcase classname="MainPageTest" name="goodSearchInputTest" time="1.233"/>
  <testcase classname="MainPageTest" name="signInButtonTest" time="3.025"/>
  <testcase classname="MainPageTest" name="goodSearchInputTest" time="4.131"/>
</testsuite> <!-- MainPageTest -->
