<?xml version="1.0" encoding="UTF-8"?>
<!-- Generated by org.testng.reporters.JUnitReportReporter -->
<testsuite hostname="fv-az573-296" failures="0" tests="4" name="FirstPageTest" time="1.033" errors="0" timestamp="02 Jan 2024 13:36:42 GMT" skipped="0">
  <testcase classname="FirstPageTest" name="returnFirstPage" time="0.049"/>
  <testcase classname="FirstPageTest" name="returnFirstPage" time="0.088"/>
  <testcase classname="FirstPageTest" name="enterStoreLinkTest" time="0.518"/>
  <testcase classname="FirstPageTest" name="enterStoreLinkTest" time="0.378"/>
</testsuite> <!-- FirstPageTest -->
