<?xml version="1.0" encoding="UTF-8"?>
<!-- Generated by org.testng.reporters.JUnitReportReporter -->
<testsuite hostname="fv-az1498-860" failures="0" tests="6" name="MainPageTest" time="13.738" errors="0" timestamp="02 Jan 2024 16:40:00 GMT" skipped="0">
  <testcase classname="MainPageTest" name="signInButtonTest" time="1.081"/>
  <testcase classname="MainPageTest" name="badSearchInputTest" time="3.390"/>
  <testcase classname="MainPageTest" name="badSearchInputTest" time="1.236"/>
  <testcase classname="MainPageTest" name="goodSearchInputTest" time="1.078"/>
  <testcase classname="MainPageTest" name="signInButtonTest" time="3.376"/>
  <testcase classname="MainPageTest" name="goodSearchInputTest" time="3.577"/>
</testsuite> <!-- MainPageTest -->
