<?xml version="1.0" encoding="UTF-8"?>
<!-- Generated by org.testng.reporters.JUnitReportReporter -->
<testsuite hostname="fv-az1040-525" failures="0" tests="6" name="MainPageTest" time="14.328" errors="0" timestamp="02 Jan 2024 16:41:59 GMT" skipped="0">
  <testcase classname="MainPageTest" name="signInButtonTest" time="1.111"/>
  <testcase classname="MainPageTest" name="badSearchInputTest" time="3.564"/>
  <testcase classname="MainPageTest" name="badSearchInputTest" time="1.034"/>
  <testcase classname="MainPageTest" name="goodSearchInputTest" time="1.098"/>
  <testcase classname="MainPageTest" name="signInButtonTest" time="2.909"/>
  <testcase classname="MainPageTest" name="goodSearchInputTest" time="4.612"/>
</testsuite> <!-- MainPageTest -->
