<?xml version="1.0" encoding="UTF-8"?>
<!-- Generated by org.testng.reporters.JUnitReportReporter -->
<testsuite hostname="fv-az520-878" failures="0" tests="4" name="FirstPageTest" time="1.240" errors="0" timestamp="02 Jan 2024 13:51:21 GMT" skipped="0">
  <testcase classname="FirstPageTest" name="returnFirstPage" time="0.090"/>
  <testcase classname="FirstPageTest" name="returnFirstPage" time="0.091"/>
  <testcase classname="FirstPageTest" name="enterStoreLinkTest" time="0.631"/>
  <testcase classname="FirstPageTest" name="enterStoreLinkTest" time="0.428"/>
</testsuite> <!-- FirstPageTest -->
