<?xml version="1.0" encoding="UTF-8"?>
<!-- Generated by org.testng.reporters.JUnitReportReporter -->
<testsuite hostname="fv-az1498-860" failures="0" tests="4" name="FirstPageTest" time="1.432" errors="0" timestamp="02 Jan 2024 16:40:00 GMT" skipped="0">
  <testcase classname="FirstPageTest" name="returnFirstPage" time="0.052"/>
  <testcase classname="FirstPageTest" name="returnFirstPage" time="0.148"/>
  <testcase classname="FirstPageTest" name="enterStoreLinkTest" time="0.873"/>
  <testcase classname="FirstPageTest" name="enterStoreLinkTest" time="0.359"/>
</testsuite> <!-- FirstPageTest -->
