<?xml version="1.0" encoding="UTF-8"?>
<!-- Generated by org.testng.reporters.JUnitReportReporter -->
<testsuite hostname="DESKTOP-FL36H24" failures="0" tests="4" name="FirstPageTest" time="0.809" errors="0" timestamp="01 sij 2024 22:11:37 GMT" skipped="0">
  <testcase classname="FirstPageTest" name="returnFirstPage" time="0.068"/>
  <testcase classname="FirstPageTest" name="enterStoreLinkTest" time="0.419"/>
  <testcase classname="FirstPageTest" name="enterStoreLinkTest" time="0.248"/>
  <testcase classname="FirstPageTest" name="returnFirstPage" time="0.074"/>
</testsuite> <!-- FirstPageTest -->
