<?xml version="1.0" encoding="UTF-8"?>
<!-- Generated by org.testng.reporters.JUnitReportReporter -->
<testsuite hostname="DESKTOP-FL36H24" failures="0" tests="6" name="MainPageTest" time="17.712" errors="0" timestamp="01 sij 2024 22:11:37 GMT" skipped="0">
  <testcase classname="MainPageTest" name="goodSearchInputTest" time="3.591"/>
  <testcase classname="MainPageTest" name="badSearchInputTest" time="2.766"/>
  <testcase classname="MainPageTest" name="goodSearchInputTest" time="1.378"/>
  <testcase classname="MainPageTest" name="signInButtonTest" time="5.054"/>
  <testcase classname="MainPageTest" name="badSearchInputTest" time="3.824"/>
  <testcase classname="MainPageTest" name="signInButtonTest" time="1.099"/>
</testsuite> <!-- MainPageTest -->
